#
# An unexpected error has been detected by HotSpot Virtual Machine:
#
#  EXCEPTION_ACCESS_VIOLATION (0xc0000005) at pc=0x77f49f93, pid=3704, tid=4004
#
# Java VM: Java HotSpot(TM) Client VM (1.5.0-b64 mixed mode)
# Problematic frame:
# C  [GDI32.dll+0x39f93]
#

---------------  T H R E A D  ---------------

Current thread (0x0dc5fe48):  JavaThread "AWT-Windows" daemon [_thread_in_native, id=4004]

siginfo: ExceptionCode=0xc0000005, reading address 0x00000034

Registers:
EAX=0x00000001, EBX=0x00045110, ECX=0x00000000, EDX=0x7c90e514
ESP=0x0e15fa24, EBP=0x0e15fa24, ESI=0x00029cec, EDI=0x0000000c
EIP=0x77f49f93, EFLAGS=0x00010282

Top of Stack: (sp=0x0e15fa24)
0x0e15fa24:   0e15fa34 77f3a5f2 00029cec 0000000c
0x0e15fa34:   0e15fa50 77f22455 0000000c 00000028
0x0e15fa44:   00045110 00010000 000539d8 0e15fa64
0x0e15fa54:   77f2235d 0000000c e3210e84 00000087
0x0e15fa64:   0e15fa84 77f234cd e3210e84 00000087
0x0e15fa74:   00000028 000a0000 00001407 0e840087
0x0e15fa84:   0e15faa4 77f23476 030a1407 030a1407
0x0e15fa94:   1008c2c8 00000000 0000030a 00000000 

Instructions: (pc=0x77f49f93)
0x77f49f83:   41 34 89 41 30 c3 90 90 90 90 90 8b ff 55 8b ec
0x77f49f93:   8b 41 34 ff 75 0c 03 45 08 83 c1 40 50 e8 8b 62 


Stack: [0x0e0e0000,0x0e160000),  sp=0x0e15fa24,  free space=510k
Native frames: (J=compiled Java code, j=interpreted, Vv=VM code, C=native code)
C  [GDI32.dll+0x39f93]
C  [GDI32.dll+0x2a5f2]
C  [GDI32.dll+0x12455]
C  [GDI32.dll+0x1235d]
C  [GDI32.dll+0x134cd]
C  [GDI32.dll+0x13476]
C  [awt.dll+0xce024]
C  [awt.dll+0xcdfc1]
C  [USER32.dll+0x8734]
C  [USER32.dll+0x8816]
C  [USER32.dll+0x89cd]
C  [USER32.dll+0x8a10]

Java frames: (J=compiled Java code, j=interpreted, Vv=VM code)
j  sun.awt.windows.WToolkit.eventLoop()V+0
j  sun.awt.windows.WToolkit.run()V+69
j  java.lang.Thread.run()V+11
v  ~StubRoutines::call_stub

---------------  P R O C E S S  ---------------

Java Threads: ( => current thread )
  0x10090d38 JavaThread "Image Fetcher 0" daemon [_thread_blocked, id=560]
  0x0e046c30 JavaThread "Thread-20" [_thread_in_native, id=3580]
  0x0dec4358 JavaThread "Thread-19" [_thread_blocked, id=4016]
  0x10014fb0 JavaThread "Text-Layout" [_thread_blocked, id=1316]
  0x0debfda8 JavaThread "Prefs Updater" [_thread_blocked, id=696]
  0x0dde5950 JavaThread "Timer-1" daemon [_thread_blocked, id=2508]
  0x0dec8778 JavaThread "TimerQueue" daemon [_thread_blocked, id=2476]
  0x036b6738 JavaThread "AWT-EventQueue-0" [_thread_blocked, id=2468]
  0x036b65b8 JavaThread "AWT-Shutdown" [_thread_blocked, id=1876]
  0x0dfe0780 JavaThread "Java2D Disposer" daemon [_thread_blocked, id=3996]
  0x0dfd1008 JavaThread "Timer-0" [_thread_blocked, id=4000]
=>0x0dc5fe48 JavaThread "AWT-Windows" daemon [_thread_in_native, id=4004]
  0x036a7510 JavaThread "Low Memory Detector" daemon [_thread_blocked, id=2184]
  0x036a6218 JavaThread "CompilerThread0" daemon [_thread_blocked, id=2180]
  0x036a55d0 JavaThread "Signal Dispatcher" daemon [_thread_blocked, id=2168]
  0x0369c5d8 JavaThread "Finalizer" daemon [_thread_blocked, id=2164]
  0x0369b148 JavaThread "Reference Handler" daemon [_thread_blocked, id=2160]
  0x003bc100 JavaThread "main" [_thread_in_native, id=3480]

Other Threads:
  0x0365bf28 VMThread [id=2884]
  0x036a5510 WatcherThread [id=2188]

VM state:not at safepoint (normal execution)

VM Mutex/Monitor currently owned by a thread: None

Heap
 def new generation   total 14848K, used 851K [0x056e0000, 0x066f0000, 0x06ee0000)
  eden space 13248K,   1% used [0x056e0000, 0x05711ad0, 0x063d0000)
  from space 1600K,  40% used [0x063d0000, 0x064733b8, 0x06560000)
  to   space 1600K,   0% used [0x06560000, 0x06560000, 0x066f0000)
 tenured generation   total 49152K, used 18778K [0x06ee0000, 0x09ee0000, 0x0b6e0000)
   the space 49152K,  38% used [0x06ee0000, 0x08136b48, 0x08136c00, 0x09ee0000)
 compacting perm gen  total 21504K, used 21262K [0x0b6e0000, 0x0cbe0000, 0x0d6e0000)
   the space 21504K,  98% used [0x0b6e0000, 0x0cba39c8, 0x0cba3a00, 0x0cbe0000)
No shared spaces configured.

Dynamic libraries:
0x00400000 - 0x0051d000 	C:\Program Files\HKV\MATLAB\R2006b\bin\win32\MATLAB.exe
0x7c900000 - 0x7c9b2000 	C:\WINDOWS\system32\ntdll.dll
0x7c800000 - 0x7c8f6000 	C:\WINDOWS\system32\kernel32.dll
0x78440000 - 0x784fd000 	C:\Program Files\HKV\MATLAB\R2006b\bin\win32\libut.dll
0x78100000 - 0x781aa000 	C:\Program Files\HKV\MATLAB\R2006b\bin\win32\icuin32.dll
0x781f0000 - 0x78284000 	C:\Program Files\HKV\MATLAB\R2006b\bin\win32\icuuc32.dll
0x77dd0000 - 0x77e6b000 	C:\WINDOWS\system32\ADVAPI32.dll
0x77e70000 - 0x77f03000 	C:\WINDOWS\system32\RPCRT4.dll
0x77fe0000 - 0x77ff1000 	C:\WINDOWS\system32\Secur32.dll
0x10000000 - 0x10005000 	C:\Program Files\HKV\MATLAB\R2006b\bin\win32\icudt32.dll
0x7c340000 - 0x7c396000 	C:\Program Files\HKV\MATLAB\R2006b\bin\win32\MSVCR71.dll
0x781b0000 - 0x781bb000 	C:\Program Files\HKV\MATLAB\R2006b\bin\win32\icuio32.dll
0x7c3a0000 - 0x7c41b000 	C:\Program Files\HKV\MATLAB\R2006b\bin\win32\MSVCP71.dll
0x76c90000 - 0x76cb8000 	C:\WINDOWS\system32\imagehlp.dll
0x77c10000 - 0x77c68000 	C:\WINDOWS\system32\msvcrt.dll
0x7e410000 - 0x7e4a1000 	C:\WINDOWS\system32\USER32.dll
0x77f10000 - 0x77f59000 	C:\WINDOWS\system32\GDI32.dll
0x774e0000 - 0x7761e000 	C:\WINDOWS\system32\ole32.dll
0x77120000 - 0x771ab000 	C:\WINDOWS\system32\OLEAUT32.dll
0x78df0000 - 0x78fff000 	C:\Program Files\HKV\MATLAB\R2006b\bin\win32\libmwservices.dll
0x763b0000 - 0x763f9000 	C:\WINDOWS\system32\comdlg32.dll
0x5d090000 - 0x5d12a000 	C:\WINDOWS\system32\COMCTL32.dll
0x7c9c0000 - 0x7d1d7000 	C:\WINDOWS\system32\SHELL32.dll
0x77f60000 - 0x77fd6000 	C:\WINDOWS\system32\SHLWAPI.dll
0x78590000 - 0x785aa000 	C:\Program Files\HKV\MATLAB\R2006b\bin\win32\mpath.dll
0x78500000 - 0x7854a000 	C:\Program Files\HKV\MATLAB\R2006b\bin\win32\libmx.dll
0x78430000 - 0x7843e000 	C:\Program Files\HKV\MATLAB\R2006b\bin\win32\libz.dll
0x00230000 - 0x0028f000 	C:\Program Files\HKV\MATLAB\R2006b\bin\win32\libmwmathutil.dll
0x5b860000 - 0x5b8b5000 	C:\WINDOWS\system32\NETAPI32.dll
0x71ab0000 - 0x71ac7000 	C:\WINDOWS\system32\WS2_32.dll
0x71aa0000 - 0x71aa8000 	C:\WINDOWS\system32\WS2HELP.dll
0x78550000 - 0x7855f000 	C:\Program Files\HKV\MATLAB\R2006b\bin\win32\libmex.dll
0x78580000 - 0x7858e000 	C:\Program Files\HKV\MATLAB\R2006b\bin\win32\mvalue.dll
0x786f0000 - 0x78751000 	C:\Program Files\HKV\MATLAB\R2006b\bin\win32\m_dispatcher.dll
0x78290000 - 0x78430000 	C:\Program Files\HKV\MATLAB\R2006b\bin\win32\xerces-c_2_6.dll
0x78dd0000 - 0x78de6000 	C:\Program Files\HKV\MATLAB\R2006b\bin\win32\datasvcs.dll
0x78560000 - 0x7857d000 	C:\Program Files\HKV\MATLAB\R2006b\bin\win32\libmat.dll
0x00290000 - 0x00357000 	C:\Program Files\HKV\MATLAB\R2006b\bin\win32\libhdf5.dll
0x79430000 - 0x7945c000 	C:\Program Files\HKV\MATLAB\R2006b\bin\win32\mcr.dll
0x79d00000 - 0x79d10000 	C:\Program Files\HKV\MATLAB\R2006b\bin\win32\mwoles05.dll
0x78760000 - 0x78b77000 	C:\Program Files\HKV\MATLAB\R2006b\bin\win32\m_interpreter.dll
0x78d70000 - 0x78d86000 	C:\Program Files\HKV\MATLAB\R2006b\bin\win32\m_pcodegen.dll
0x78d30000 - 0x78d64000 	C:\Program Files\HKV\MATLAB\R2006b\bin\win32\m_ir.dll
0x78d90000 - 0x78da4000 	C:\Program Files\HKV\MATLAB\R2006b\bin\win32\m_pcodeio.dll
0x78b80000 - 0x78d24000 	C:\Program Files\HKV\MATLAB\R2006b\bin\win32\m_parser.dll
0x78db0000 - 0x78dbd000 	C:\Program Files\HKV\MATLAB\R2006b\bin\win32\ir_xfmr.dll
0x785b0000 - 0x78660000 	C:\Program Files\HKV\MATLAB\R2006b\bin\win32\mcos.dll
0x00360000 - 0x0038d000 	C:\Program Files\HKV\MATLAB\R2006b\bin\win32\profiler.dll
0x79db0000 - 0x79dec000 	C:\Program Files\HKV\MATLAB\R2006b\bin\win32\comcli.dll
0x79d70000 - 0x79da3000 	C:\Program Files\HKV\MATLAB\R2006b\bin\win32\jmi.dll
0x79e40000 - 0x79e5e000 	C:\Program Files\HKV\MATLAB\R2006b\bin\win32\bridge.dll
0x78660000 - 0x786e4000 	C:\Program Files\HKV\MATLAB\R2006b\bin\win32\udd.dll
0x79100000 - 0x79179000 	C:\Program Files\HKV\MATLAB\R2006b\bin\win32\uiw.dll
0x791b0000 - 0x791b9000 	C:\Program Files\HKV\MATLAB\R2006b\bin\win32\uinone.dll
0x79400000 - 0x7942b000 	C:\Program Files\HKV\MATLAB\R2006b\bin\win32\libmwhardcopy.dll
0x791c0000 - 0x7926a000 	C:\Program Files\HKV\MATLAB\R2006b\bin\win32\libmwgui.dll
0x79180000 - 0x791a8000 	C:\Program Files\HKV\MATLAB\R2006b\bin\win32\libuij.dll
0x7c140000 - 0x7c243000 	C:\Program Files\HKV\MATLAB\R2006b\bin\win32\MFC71.DLL
0x73000000 - 0x73026000 	C:\WINDOWS\system32\WINSPOOL.DRV
0x7c120000 - 0x7c139000 	C:\Program Files\HKV\MATLAB\R2006b\bin\win32\ATL71.DLL
0x79df0000 - 0x79df9000 	C:\Program Files\HKV\MATLAB\R2006b\bin\win32\mlautoregister.dll
0x79d10000 - 0x79d65000 	C:\Program Files\HKV\MATLAB\R2006b\bin\win32\udd_mi.dll
0x79270000 - 0x793c9000 	C:\Program Files\HKV\MATLAB\R2006b\bin\win32\hg.dll
0x79460000 - 0x795e7000 	C:\Program Files\HKV\MATLAB\R2006b\bin\win32\numerics.dll
0x79bf0000 - 0x79bf7000 	C:\Program Files\HKV\MATLAB\R2006b\bin\win32\libmwamd.dll
0x79c00000 - 0x79c5a000 	C:\Program Files\HKV\MATLAB\R2006b\bin\win32\libmwcholmod.dll
0x79c60000 - 0x79c67000 	C:\Program Files\HKV\MATLAB\R2006b\bin\win32\libmwcolamd.dll
0x795f0000 - 0x79613000 	C:\Program Files\HKV\MATLAB\R2006b\bin\win32\libmwlapack.dll
0x79650000 - 0x796d6000 	C:\Program Files\HKV\MATLAB\R2006b\bin\win32\libfftw3.dll
0x796e0000 - 0x7975f000 	C:\Program Files\HKV\MATLAB\R2006b\bin\win32\libfftw3f.dll
0x79c70000 - 0x79cf4000 	C:\Program Files\HKV\MATLAB\R2006b\bin\win32\libmwumfpack.dll
0x76390000 - 0x763ad000 	C:\WINDOWS\system32\IMM32.DLL
0x773d0000 - 0x774d3000 	C:\WINDOWS\WinSxS\x86_Microsoft.Windows.Common-Controls_6595b64144ccf1df_6.0.2600.6028_x-ww_61e65202\comctl32.dll
0x7c300000 - 0x7c30e000 	C:\Program Files\HKV\MATLAB\R2006b\bin\win32\MFC71ENU.DLL
0x79620000 - 0x79648000 	C:\Program Files\HKV\MATLAB\R2006b\bin\win32\mkl.dll
0x79760000 - 0x79be2000 	C:\Program Files\HKV\MATLAB\R2006b\bin\win32\lapack.dll
0x01f80000 - 0x0202a000 	C:\Program Files\HKV\MATLAB\R2006b\bin\win32\libifcoremd.dll
0x02030000 - 0x02260000 	C:\Program Files\HKV\MATLAB\R2006b\bin\win32\libmmd.dll
0x74290000 - 0x74294000 	C:\WINDOWS\system32\icmp.Dll
0x76d60000 - 0x76d79000 	C:\WINDOWS\system32\iphlpapi.dll
0x5ad70000 - 0x5ada8000 	C:\WINDOWS\system32\uxtheme.dll
0x74720000 - 0x7476c000 	C:\WINDOWS\system32\MSCTF.dll
0x02c40000 - 0x02c47000 	C:\Program Files\Logitech\MouseWare\System\LgWndHk.dll
0x6d640000 - 0x6d7c5000 	C:\Program Files\HKV\MATLAB\R2006b\sys\java\jre\win32\jre1.5.0\bin\client\jvm.dll
0x76b40000 - 0x76b6d000 	C:\WINDOWS\system32\WINMM.dll
0x755c0000 - 0x755ee000 	C:\WINDOWS\system32\msctfime.ime
0x6d280000 - 0x6d288000 	C:\Program Files\HKV\MATLAB\R2006b\sys\java\jre\win32\jre1.5.0\bin\hpi.dll
0x76bf0000 - 0x76bfb000 	C:\WINDOWS\system32\PSAPI.DLL
0x6d610000 - 0x6d61c000 	C:\Program Files\HKV\MATLAB\R2006b\sys\java\jre\win32\jre1.5.0\bin\verify.dll
0x6d300000 - 0x6d31d000 	C:\Program Files\HKV\MATLAB\R2006b\sys\java\jre\win32\jre1.5.0\bin\java.dll
0x6d630000 - 0x6d63f000 	C:\Program Files\HKV\MATLAB\R2006b\sys\java\jre\win32\jre1.5.0\bin\zip.dll
0x6d000000 - 0x6d166000 	C:\Program Files\HKV\MATLAB\R2006b\sys\java\jre\win32\jre1.5.0\bin\awt.dll
0x035d0000 - 0x035df000 	C:\Program Files\HKV\MATLAB\R2006b\bin\win32\nativejava.dll
0x0e160000 - 0x0e17d000 	C:\Program Files\HKV\MATLAB\R2006b\bin\win32\nativejmi.dll
0x0e200000 - 0x0e205000 	C:\Program Files\HKV\MATLAB\R2006b\bin\win32\nativeservices.dll
0x6d240000 - 0x6d27d000 	C:\Program Files\HKV\MATLAB\R2006b\sys\java\jre\win32\jre1.5.0\bin\fontmanager.dll
0x6d4c0000 - 0x6d4d3000 	C:\Program Files\HKV\MATLAB\R2006b\sys\java\jre\win32\jre1.5.0\bin\net.dll
0x6d4e0000 - 0x6d4e9000 	C:\Program Files\HKV\MATLAB\R2006b\sys\java\jre\win32\jre1.5.0\bin\nio.dll
0x7ae80000 - 0x7ae89000 	C:\Program Files\HKV\MATLAB\R2006b\bin\win32\nativelex.dll
0x0e0a0000 - 0x0e0ab000 	C:\Program Files\Common Files\Logitech\Scrolling\LgMsgHk.dll
0x76080000 - 0x760e5000 	C:\WINDOWS\system32\MSVCP60.dll
0x60800000 - 0x6080e000 	C:\Program Files\HKV\Beeldschermtachograaf\bsthook.dll
0x0e830000 - 0x0e884000 	C:\WINDOWS\System32\spool\DRIVERS\W32X86\3\hpmdp6de.dll
0x70280000 - 0x7033a000 	C:\WINDOWS\System32\spool\DRIVERS\W32X86\3\UNIDRVUI.DLL
0x77c00000 - 0x77c08000 	C:\WINDOWS\system32\VERSION.dll
0x79000000 - 0x790f6000 	C:\Program Files\HKV\MATLAB\R2006b\bin\win32\libmwbuiltins.dll
0x0f950000 - 0x0f9a4000 	C:\Program Files\HKV\MATLAB\R2006b\bin\win32\xmlcore.dll
0x0e970000 - 0x0e975000 	C:\Program Files\HKV\MATLAB\R2006b\toolbox\matlab\timefun\datenummx.mexw32
0x0e9d0000 - 0x0e9d6000 	C:\Program Files\HKV\MATLAB\R2006b\toolbox\matlab\timefun\private\dtstr2dtnummx.mexw32
0x0e9e0000 - 0x0e9e5000 	C:\Program Files\HKV\MATLAB\R2006b\toolbox\matlab\timefun\datevecmx.mexw32
0x0ea20000 - 0x0ea27000 	C:\Program Files\HKV\MATLAB\R2006b\toolbox\matlab\timefun\private\dtstr2dtvecmx.mexw32
0x77b40000 - 0x77b62000 	C:\WINDOWS\system32\appHelp.dll
0x76fd0000 - 0x7704f000 	C:\WINDOWS\system32\CLBCATQ.DLL
0x77050000 - 0x77115000 	C:\WINDOWS\system32\COMRes.dll
0x49460000 - 0x4986a000 	C:\PROGRA~1\MICROS~2\Office14\GROOVEEX.DLL
0x0ead0000 - 0x0eb73000 	C:\WINDOWS\WinSxS\x86_Microsoft.VC90.CRT_1fc8b3b9a1e18e3b_9.0.30729.4148_x-ww_d495ac4e\MSVCR90.dll
0x0eb80000 - 0x0ec0e000 	C:\WINDOWS\WinSxS\x86_Microsoft.VC90.CRT_1fc8b3b9a1e18e3b_9.0.30729.4148_x-ww_d495ac4e\MSVCP90.dll
0x0ec10000 - 0x0ec3b000 	C:\WINDOWS\WinSxS\x86_Microsoft.VC90.ATL_1fc8b3b9a1e18e3b_9.0.30729.4148_x-ww_353599c2\ATL90.DLL
0x0ee00000 - 0x0f21a000 	C:\PROGRA~1\COMMON~1\MICROS~1\OFFICE14\Cultures\office.odf
0x11010000 - 0x11875000 	C:\PROGRA~1\MICROS~2\Office14\1033\GrooveIntlResource.dll
0x77a20000 - 0x77a74000 	C:\WINDOWS\System32\cscui.dll
0x76600000 - 0x7661d000 	C:\WINDOWS\System32\CSCDLL.dll
0x77920000 - 0x77a13000 	C:\WINDOWS\system32\SETUPAPI.dll
0x76990000 - 0x769b5000 	C:\WINDOWS\system32\ntshrui.dll
0x76b20000 - 0x76b31000 	C:\WINDOWS\system32\ATL.DLL
0x769c0000 - 0x76a74000 	C:\WINDOWS\system32\USERENV.dll
0x0fe00000 - 0x0fe0d000 	C:\Program Files\HKV\MATLAB\R2006b\bin\win32\nativemlint.dll
0x0fe10000 - 0x0fe3b000 	C:\Program Files\HKV\MATLAB\R2006b\bin\win32\mwmlint.dll

VM Arguments:
jvm_args: -Xss512k -XX:PermSize=16M -Xms64m -XX:NewRatio=3 -XX:MaxPermSize=32M -Xmx96m -Dsun.java2d.noddraw=true -Dsun.awt.nopixfmt=true -Xshare:off -Djava.library.path=C:\Program Files\HKV\MATLAB\R2006b\bin\win32 vfprintf abort
java_command: <unknown>

Environment Variables:
CLASSPATH=.;C:\Program Files\Java\jre1.6.0_05\lib\ext\QTJava.zip
PATH=C:\WINDOWS\system32;C:\WINDOWS;C:\WINDOWS\system32\wbem;c:\program files\quicktime\qtsystem\;C:\Program Files\HKV\MATLAB\R2006b\bin;C:\Program Files\HKV\MATLAB\R2006b\bin\win32;;C:\Program Files\MathWorks\MATLAB Component Runtime\v72\runtime\win32;c:\matlab6p5\bin\win32
USERNAME=geerse
OS=Windows_NT
PROCESSOR_IDENTIFIER=x86 Family 15 Model 6 Stepping 4, GenuineIntel


---------------  S Y S T E M  ---------------

OS: Windows XP Build 2600 Service Pack 3

CPU:total 2 family 15, cmov, cx8, fxsr, mmx, sse, sse2, ht

Memory: 4k page, physical 2087340k(1103300k free), swap 4024020k(3144452k free)

vm_info: Java HotSpot(TM) Client VM (1.5.0-b64) for windows-x86, built on Sep 15 2004 03:00:31 by "java_re" with MS VC++ 6.0

